  [1m[35m (0.5ms)[0m  [1m[35mCREATE DATABASE `life_log_development` DEFAULT CHARACTER SET `utf8mb4`[0m
  [1m[35m (0.2ms)[0m  [1m[35mCREATE DATABASE `life_log_test` DEFAULT CHARACTER SET `utf8mb4`[0m
  [1m[35m (0.2ms)[0m  [1m[34mSELECT GET_LOCK('1304232362479198110', 0)[0m
  [1m[36mActiveRecord::SchemaMigration Pluck (0.5ms)[0m  [1m[34mSELECT `schema_migrations`.`version` FROM `schema_migrations` ORDER BY `schema_migrations`.`version` ASC[0m
  [1m[36mActiveRecord::InternalMetadata Load (0.4ms)[0m  [1m[34mSELECT `ar_internal_metadata`.* FROM `ar_internal_metadata` WHERE `ar_internal_metadata`.`key` = 'environment' LIMIT 1[0m
  [1m[36mTRANSACTION (0.2ms)[0m  [1m[35mBEGIN[0m
  [1m[36mActiveRecord::InternalMetadata Create (19.8ms)[0m  [1m[32mINSERT INTO `ar_internal_metadata` (`key`, `value`, `created_at`, `updated_at`) VALUES ('environment', 'development', '2022-09-17 04:14:55.627449', '2022-09-17 04:14:55.627449')[0m
  [1m[36mTRANSACTION (3.5ms)[0m  [1m[35mCOMMIT[0m
  [1m[35m (0.2ms)[0m  [1m[34mSELECT RELEASE_LOCK('1304232362479198110')[0m
  [1m[36mActiveRecord::SchemaMigration Pluck (0.3ms)[0m  [1m[34mSELECT `schema_migrations`.`version` FROM `schema_migrations` ORDER BY `schema_migrations`.`version` ASC[0m
  [1m[35m (0.2ms)[0m  [1m[34mSELECT GET_LOCK('1304232362479198110', 0)[0m
  [1m[36mActiveRecord::SchemaMigration Pluck (0.2ms)[0m  [1m[34mSELECT `schema_migrations`.`version` FROM `schema_migrations` ORDER BY `schema_migrations`.`version` ASC[0m
Migrating to DeviseCreateUsers (20220917042409)
  [1m[35m (41.8ms)[0m  [1m[35mCREATE TABLE `users` (`id` bigint NOT NULL AUTO_INCREMENT PRIMARY KEY, `email` varchar(255) DEFAULT '' NOT NULL, `encrypted_password` varchar(255) DEFAULT '' NOT NULL, `reset_password_token` varchar(255), `reset_password_sent_at` datetime(6), `remember_created_at` datetime(6), `created_at` datetime(6) NOT NULL, `updated_at` datetime(6) NOT NULL)[0m
  [1m[35m (32.4ms)[0m  [1m[35mCREATE UNIQUE INDEX `index_users_on_email` ON `users` (`email`)[0m
  [1m[35m (22.1ms)[0m  [1m[35mCREATE UNIQUE INDEX `index_users_on_reset_password_token` ON `users` (`reset_password_token`)[0m
  [1m[36mTRANSACTION (0.4ms)[0m  [1m[35mBEGIN[0m
  [1m[36mActiveRecord::SchemaMigration Create (4.3ms)[0m  [1m[32mINSERT INTO `schema_migrations` (`version`) VALUES ('20220917042409')[0m
  [1m[36mTRANSACTION (0.2ms)[0m  [1m[35mCOMMIT[0m
  [1m[36mActiveRecord::InternalMetadata Load (0.3ms)[0m  [1m[34mSELECT `ar_internal_metadata`.* FROM `ar_internal_metadata` WHERE `ar_internal_metadata`.`key` = 'environment' LIMIT 1[0m
  [1m[35m (0.8ms)[0m  [1m[34mSELECT RELEASE_LOCK('1304232362479198110')[0m
  [1m[36mActiveRecord::SchemaMigration Pluck (0.2ms)[0m  [1m[34mSELECT `schema_migrations`.`version` FROM `schema_migrations` ORDER BY `schema_migrations`.`version` ASC[0m
  [1m[35m (0.1ms)[0m  [1m[34mSELECT GET_LOCK('1304232362479198110', 0)[0m
  [1m[36mActiveRecord::SchemaMigration Pluck (0.3ms)[0m  [1m[34mSELECT `schema_migrations`.`version` FROM `schema_migrations` ORDER BY `schema_migrations`.`version` ASC[0m
Migrating to AddNameToUsers (20220917042646)
  [1m[35m (41.2ms)[0m  [1m[35mALTER TABLE `users` ADD `name` varchar(255)[0m
  [1m[36mTRANSACTION (0.2ms)[0m  [1m[35mBEGIN[0m
  [1m[36mActiveRecord::SchemaMigration Create (0.5ms)[0m  [1m[32mINSERT INTO `schema_migrations` (`version`) VALUES ('20220917042646')[0m
  [1m[36mTRANSACTION (0.4ms)[0m  [1m[35mCOMMIT[0m
  [1m[36mActiveRecord::InternalMetadata Load (0.3ms)[0m  [1m[34mSELECT `ar_internal_metadata`.* FROM `ar_internal_metadata` WHERE `ar_internal_metadata`.`key` = 'environment' LIMIT 1[0m
  [1m[35m (0.4ms)[0m  [1m[34mSELECT RELEASE_LOCK('1304232362479198110')[0m
  [1m[36mActiveRecord::SchemaMigration Pluck (0.2ms)[0m  [1m[34mSELECT `schema_migrations`.`version` FROM `schema_migrations` ORDER BY `schema_migrations`.`version` ASC[0m
  [1m[35m (0.1ms)[0m  [1m[34mSELECT GET_LOCK('1304232362479198110', 0)[0m
  [1m[36mActiveRecord::SchemaMigration Pluck (0.2ms)[0m  [1m[34mSELECT `schema_migrations`.`version` FROM `schema_migrations` ORDER BY `schema_migrations`.`version` ASC[0m
  [1m[36mActiveRecord::InternalMetadata Load (0.3ms)[0m  [1m[34mSELECT `ar_internal_metadata`.* FROM `ar_internal_metadata` WHERE `ar_internal_metadata`.`key` = 'environment' LIMIT 1[0m
  [1m[35m (0.1ms)[0m  [1m[34mSELECT RELEASE_LOCK('1304232362479198110')[0m
  [1m[36mActiveRecord::SchemaMigration Pluck (0.6ms)[0m  [1m[34mSELECT `schema_migrations`.`version` FROM `schema_migrations` ORDER BY `schema_migrations`.`version` ASC[0m
  [1m[35m (0.1ms)[0m  [1m[34mSELECT GET_LOCK('1304232362479198110', 0)[0m
  [1m[36mActiveRecord::SchemaMigration Pluck (0.2ms)[0m  [1m[34mSELECT `schema_migrations`.`version` FROM `schema_migrations` ORDER BY `schema_migrations`.`version` ASC[0m
  [1m[36mActiveRecord::InternalMetadata Load (0.3ms)[0m  [1m[34mSELECT `ar_internal_metadata`.* FROM `ar_internal_metadata` WHERE `ar_internal_metadata`.`key` = 'environment' LIMIT 1[0m
  [1m[35m (0.2ms)[0m  [1m[34mSELECT RELEASE_LOCK('1304232362479198110')[0m
  [1m[36mActiveRecord::SchemaMigration Pluck (0.3ms)[0m  [1m[34mSELECT `schema_migrations`.`version` FROM `schema_migrations` ORDER BY `schema_migrations`.`version` ASC[0m
Started GET "/" for ::1 at 2022-09-17 13:32:20 +0900
  [1m[36mActiveRecord::SchemaMigration Pluck (0.4ms)[0m  [1m[34mSELECT `schema_migrations`.`version` FROM `schema_migrations` ORDER BY `schema_migrations`.`version` ASC[0m
Processing by Rails::WelcomeController#index as HTML
  Rendering /Users/yuseiikeda/.rbenv/versions/2.7.0/lib/ruby/gems/2.7.0/gems/railties-7.0.4/lib/rails/templates/rails/welcome/index.html.erb
  Rendered /Users/yuseiikeda/.rbenv/versions/2.7.0/lib/ruby/gems/2.7.0/gems/railties-7.0.4/lib/rails/templates/rails/welcome/index.html.erb (Duration: 1.5ms | Allocations: 680)
Completed 200 OK in 12ms (Views: 4.6ms | ActiveRecord: 0.0ms | Allocations: 6682)


Started GET "/users/sign_in" for ::1 at 2022-09-17 13:32:26 +0900
Processing by Devise::SessionsController#new as HTML
  Rendering layout layouts/application.html.erb
  Rendering /Users/yuseiikeda/.rbenv/versions/2.7.0/lib/ruby/gems/2.7.0/gems/devise-4.8.1/app/views/devise/sessions/new.html.erb within layouts/application
  Rendered /Users/yuseiikeda/.rbenv/versions/2.7.0/lib/ruby/gems/2.7.0/gems/devise-4.8.1/app/views/devise/shared/_links.html.erb (Duration: 1.0ms | Allocations: 835)
  Rendered /Users/yuseiikeda/.rbenv/versions/2.7.0/lib/ruby/gems/2.7.0/gems/devise-4.8.1/app/views/devise/sessions/new.html.erb within layouts/application (Duration: 23.0ms | Allocations: 8941)
  Rendered layout layouts/application.html.erb (Duration: 206.8ms | Allocations: 108666)
Completed 200 OK in 232ms (Views: 208.6ms | ActiveRecord: 3.7ms | Allocations: 128034)


Started POST "/users/sign_in" for ::1 at 2022-09-17 13:32:29 +0900
Processing by Devise::SessionsController#create as TURBO_STREAM
  Parameters: {"authenticity_token"=>"[FILTERED]", "user"=>{"email"=>"", "password"=>"[FILTERED]", "remember_me"=>"0"}, "commit"=>"Log in"}
Completed 401 Unauthorized in 1ms (ActiveRecord: 0.0ms | Allocations: 378)


Started GET "/users/sign_up" for ::1 at 2022-09-17 13:32:30 +0900
Processing by Devise::RegistrationsController#new as HTML
  Rendering layout layouts/application.html.erb
  Rendering /Users/yuseiikeda/.rbenv/versions/2.7.0/lib/ruby/gems/2.7.0/gems/devise-4.8.1/app/views/devise/registrations/new.html.erb within layouts/application
  Rendered /Users/yuseiikeda/.rbenv/versions/2.7.0/lib/ruby/gems/2.7.0/gems/devise-4.8.1/app/views/devise/shared/_error_messages.html.erb (Duration: 0.7ms | Allocations: 235)
  Rendered /Users/yuseiikeda/.rbenv/versions/2.7.0/lib/ruby/gems/2.7.0/gems/devise-4.8.1/app/views/devise/shared/_links.html.erb (Duration: 0.4ms | Allocations: 213)
  Rendered /Users/yuseiikeda/.rbenv/versions/2.7.0/lib/ruby/gems/2.7.0/gems/devise-4.8.1/app/views/devise/registrations/new.html.erb within layouts/application (Duration: 6.9ms | Allocations: 2188)
  Rendered layout layouts/application.html.erb (Duration: 12.5ms | Allocations: 4385)
Completed 200 OK in 16ms (Views: 14.3ms | ActiveRecord: 0.0ms | Allocations: 5534)


Started GET "/" for ::1 at 2022-09-17 14:20:53 +0900
  [1m[36mActiveRecord::SchemaMigration Pluck (6.8ms)[0m  [1m[34mSELECT `schema_migrations`.`version` FROM `schema_migrations` ORDER BY `schema_migrations`.`version` ASC[0m
Processing by Rails::WelcomeController#index as HTML
  Rendering /Users/yuseiikeda/.rbenv/versions/2.7.0/lib/ruby/gems/2.7.0/gems/railties-7.0.4/lib/rails/templates/rails/welcome/index.html.erb
  Rendered /Users/yuseiikeda/.rbenv/versions/2.7.0/lib/ruby/gems/2.7.0/gems/railties-7.0.4/lib/rails/templates/rails/welcome/index.html.erb (Duration: 1.2ms | Allocations: 566)
Completed 200 OK in 8ms (Views: 3.0ms | ActiveRecord: 0.0ms | Allocations: 5304)


Started GET "/users/sign_in" for ::1 at 2022-09-17 14:20:58 +0900
Processing by Devise::SessionsController#new as HTML
  Rendering layout layouts/application.html.erb
  Rendering devise/sessions/new.html.erb within layouts/application
  Rendered devise/shared/_links.html.erb (Duration: 1.9ms | Allocations: 835)
  Rendered devise/sessions/new.html.erb within layouts/application (Duration: 13.0ms | Allocations: 6140)
  Rendered layout layouts/application.html.erb (Duration: 42.3ms | Allocations: 40843)
Completed 200 OK in 86ms (Views: 44.6ms | ActiveRecord: 7.0ms | Allocations: 60026)


Started GET "/users/sign_up" for ::1 at 2022-09-17 14:20:59 +0900
Processing by Devise::RegistrationsController#new as HTML
  Rendering layout layouts/application.html.erb
  Rendering devise/registrations/new.html.erb within layouts/application
  Rendered devise/shared/_error_messages.html.erb (Duration: 0.8ms | Allocations: 235)
  Rendered devise/shared/_links.html.erb (Duration: 0.4ms | Allocations: 213)
  Rendered devise/registrations/new.html.erb within layouts/application (Duration: 5.2ms | Allocations: 2490)
  Rendered layout layouts/application.html.erb (Duration: 7.8ms | Allocations: 4687)
Completed 200 OK in 12ms (Views: 9.7ms | ActiveRecord: 0.0ms | Allocations: 5851)


Started POST "/users" for ::1 at 2022-09-17 14:21:20 +0900
Processing by Devise::RegistrationsController#create as TURBO_STREAM
  Parameters: {"authenticity_token"=>"[FILTERED]", "user"=>{"name"=>"", "email"=>"", "password"=>"[FILTERED]", "password_confirmation"=>"[FILTERED]"}, "commit"=>"Sign up"}
  Rendering layout layouts/application.html.erb
  Rendering devise/registrations/new.html.erb within layouts/application
  Rendered devise/shared/_error_messages.html.erb (Duration: 2.2ms | Allocations: 1016)
  Rendered devise/shared/_links.html.erb (Duration: 0.2ms | Allocations: 80)
  Rendered devise/registrations/new.html.erb within layouts/application (Duration: 7.4ms | Allocations: 3727)
  Rendered layout layouts/application.html.erb (Duration: 19.0ms | Allocations: 5916)
Completed 200 OK in 34ms (Views: 19.7ms | ActiveRecord: 0.0ms | Allocations: 9306)


Started GET "/users/sign_in" for ::1 at 2022-09-22 13:46:32 +0900
  [1m[36mActiveRecord::SchemaMigration Pluck (0.3ms)[0m  [1m[34mSELECT `schema_migrations`.`version` FROM `schema_migrations` ORDER BY `schema_migrations`.`version` ASC[0m
Processing by Devise::SessionsController#new as HTML
  Rendering layout layouts/application.html.erb
  Rendering devise/sessions/new.html.erb within layouts/application
  Rendered devise/shared/_links.html.erb (Duration: 0.9ms | Allocations: 835)
  Rendered devise/sessions/new.html.erb within layouts/application (Duration: 8.0ms | Allocations: 6337)
  Rendered layout layouts/application.html.erb (Duration: 33.6ms | Allocations: 41163)
Completed 200 OK in 54ms (Views: 37.7ms | ActiveRecord: 1.9ms | Allocations: 64235)


Started GET "/users/sign_up" for ::1 at 2022-09-22 13:46:34 +0900
Processing by Devise::RegistrationsController#new as HTML
  Rendering layout layouts/application.html.erb
  Rendering devise/registrations/new.html.erb within layouts/application
  Rendered devise/shared/_error_messages.html.erb (Duration: 0.7ms | Allocations: 235)
  Rendered devise/shared/_links.html.erb (Duration: 0.3ms | Allocations: 213)
  Rendered devise/registrations/new.html.erb within layouts/application (Duration: 4.2ms | Allocations: 2490)
  Rendered layout layouts/application.html.erb (Duration: 6.6ms | Allocations: 4687)
Completed 200 OK in 9ms (Views: 7.9ms | ActiveRecord: 0.0ms | Allocations: 5849)


Started GET "/users/sign_up" for ::1 at 2022-09-22 14:29:27 +0900
  [1m[36mActiveRecord::SchemaMigration Pluck (0.4ms)[0m  [1m[34mSELECT `schema_migrations`.`version` FROM `schema_migrations` ORDER BY `schema_migrations`.`version` ASC[0m
Processing by Devise::RegistrationsController#new as HTML
  Rendering layout layouts/application.html.erb
  Rendering devise/registrations/new.html.erb within layouts/application
  Rendered devise/shared/_error_messages.html.erb (Duration: 0.6ms | Allocations: 239)
  Rendered devise/shared/_links.html.erb (Duration: 0.8ms | Allocations: 655)
  Rendered devise/registrations/new.html.erb within layouts/application (Duration: 13.1ms | Allocations: 6517)
  Rendered layout layouts/application.html.erb (Duration: 36.0ms | Allocations: 41260)
Completed 200 OK in 57ms (Views: 40.3ms | ActiveRecord: 3.0ms | Allocations: 64272)


Started GET "/" for ::1 at 2022-09-22 15:20:09 +0900
  [1m[36mActiveRecord::SchemaMigration Pluck (6.4ms)[0m  [1m[34mSELECT `schema_migrations`.`version` FROM `schema_migrations` ORDER BY `schema_migrations`.`version` ASC[0m
Processing by Rails::WelcomeController#index as HTML
  Rendering /Users/yuseiikeda/.rbenv/versions/2.7.0/lib/ruby/gems/2.7.0/gems/railties-7.0.4/lib/rails/templates/rails/welcome/index.html.erb
  Rendered /Users/yuseiikeda/.rbenv/versions/2.7.0/lib/ruby/gems/2.7.0/gems/railties-7.0.4/lib/rails/templates/rails/welcome/index.html.erb (Duration: 1.3ms | Allocations: 566)
Completed 200 OK in 9ms (Views: 3.3ms | ActiveRecord: 0.0ms | Allocations: 5303)


Started GET "/users/sign_in" for ::1 at 2022-09-22 15:20:15 +0900
Processing by Devise::SessionsController#new as HTML
  Rendering layout layouts/application.html.erb
  Rendering devise/sessions/new.html.erb within layouts/application
  Rendered devise/shared/_links.html.erb (Duration: 0.9ms | Allocations: 836)
  Rendered devise/sessions/new.html.erb within layouts/application (Duration: 9.0ms | Allocations: 6140)
  Rendered layout layouts/application.html.erb (Duration: 38.9ms | Allocations: 40295)
Completed 200 OK in 69ms (Views: 40.4ms | ActiveRecord: 8.1ms | Allocations: 59464)


Started GET "/users/sign_up" for ::1 at 2022-09-22 15:20:19 +0900
Processing by Devise::RegistrationsController#new as HTML
  Rendering layout layouts/application.html.erb
  Rendering devise/registrations/new.html.erb within layouts/application
  Rendered devise/shared/_error_messages.html.erb (Duration: 1.1ms | Allocations: 235)
  Rendered devise/shared/_links.html.erb (Duration: 0.6ms | Allocations: 213)
  Rendered devise/registrations/new.html.erb within layouts/application (Duration: 7.9ms | Allocations: 2490)
  Rendered layout layouts/application.html.erb (Duration: 11.9ms | Allocations: 4687)
Completed 200 OK in 18ms (Views: 15.3ms | ActiveRecord: 0.0ms | Allocations: 5853)


